full_IPCamera_RTSP_output.txt


Connecting to IP: 192.168.1.10 Port: 554....
...Connected

*** SENDING OPTIONS ***
====>>>[OPTIONS rtsp://192.168.1.10:554/user=admin&password=&channel=1&stream=0.sdp? RTSP/1.0
CSeq: 1
Require: implicit-play
Proxy-Require: gzipped-messages]

<<<====[RTSP/1.0 200 OK
Server: H264DVR 1.0
Cseq: 1
Public: OPTIONS, DESCRIBE, SETUP, TEARDOWN, GET_PARAMETER, PLAY, PAUSE]

*** SENDING DESCRIBE ***
====>>>[DESCRIBE rtsp://192.168.1.10:554/user=admin&password=&channel=1&stream=0.sdp? RTSP/1.0
CSeq: 2
Accept: application/sdp]

<<<====[RTSP/1.0 200 OK
Content-Type: application/sdp
Server: H264DVR 1.0
Cseq: 2
Content-Base: rtsp://192.168.1.10:554/user=admin&password=&channel=1&stream=0./
Cache-Control: private
x-Accept-Retransmit: our-retransmit
x-Accept-Dynamic-Rate: 1
Content-Length: 372

v=0
o=- 38990265062388 38990265062388 IN IP4 192.168.1.10
s=RTSP Session
c=IN IP4 192.168.1.10
t=0 0
a=control:*
a=range:npt=0-
m=video 0 RTP/AVP 96
a=rtpmap:96 H264/90000 
a=range:npt=0-
a=framerate:0S
a=fmtp:96 profile-level-id=4d002a; packetization-mode=1; sprop-parameter-sets=Z00AKpWoHgCJ+WEAAAMAAQAAAwAyhA==,aO48gA==
a=framerate:25
a=control:trackID=3]


*** SENDING SETUP ***
====>>>[SETUP rtsp://192.168.1.10:554/user=admin&password=&channel=1&stream=0.sdp? RTSP/1.0
CSeq: 3
Transport: RTP/AVP;unicast; client_port= 9527,9530]

<<<====[RTSP/1.0 200 OK
Server: H264DVR 1.0
Cseq: 3
Session: 15388660;timeout=60
Transport: RTP/AVP;unicast;mode=PLAY;source=192.168.1.10;client_port=9527-0;server_port=40000-40001;ssrc=0
Cache-Control: private
x-Dynamic-Rate: 1]


Opening sockets s1 on client port 9527

*** SENDING PLAY ***
====>>>[PLAY rtsp://192.168.1.10:554/user=admin&password=&channel=1&stream=0.sdp? RTSP/1.0
CSeq: 4
Session:15388660
Transport: RTP/UDP; client_port= 9527]

<<<====[RTSP/1.0 200 OK
Server: H264DVR 1.0
Cseq: 4
Range: npt=now-
Session: 15388660]


=============================================
** DUMPING VIDEO INTO FILE stream.h264 **
=============================================

*** SENDING TEARDOWN ***
====>>>[TEARDOWN rtsp://192.168.1.10:554/user=admin&password=&channel=1&stream=0.sdp? RTSP/1.0
CSeq: 5
Session:15388660]

<<<====[RTSP/1.0 200 OK
Server: H264DVR 1.0
Cseq: 5
Session: 15388660]

======== end ==========
